<?xml version="1.0" encoding="UTF-8"?>
<!-- Generated by org.testng.reporters.JUnitReportReporter -->
<testsuite hostname="LAPTOP-6OGUIL35" failures="0" tests="1" name="com.Actitime.testscripts.Task" time="14.173" errors="0" timestamp="2023-05-11T23:21:30 IST" skipped="0">
  <testcase classname="com.Actitime.testscripts.Task" name="createcustomer" time="14.173"/>
  <system-out/>
</testsuite> <!-- com.Actitime.testscripts.Task -->
